SecureApp/app/build/intermediates/manifest_merge_blame_file/debug/manifest-merger-blame-debug-report.txt
1<?xml version="1.0" encoding="utf-8"?>
2<manifest xmlns:android="http://schemas.android.com/apk/res/android"
3    package="com.example.secureapp"
4    android:versionCode="1"
5    android:versionName="1.0" >
6
7    <uses-sdk
8        android:minSdkVersion="21"
8-->src\main\AndroidManifest.xml
9        android:targetSdkVersion="32" />
9-->src\main\AndroidManifest.xml
10
11    <uses-permission android:name="android.permission.ACCESS_COARSE_LOCATION" />
11-->src\main\AndroidManifest.xml:6:5-81
11-->src\main\AndroidManifest.xml:6:22-78
12    <uses-permission android:name="android.permission.INTERNET" />
12-->src\main\AndroidManifest.xml:7:5-83
12-->src\main\AndroidManifest.xml:7:22-64
13
14    <!-- Include only if your app benefits from precise location access. -->
15    <uses-permission android:name="android.permission.ACCESS_FINE_LOCATION" />
15-->src\main\AndroidManifest.xml:10:5-79
15-->src\main\AndroidManifest.xml:10:22-76
16
17    <!-- Although the *SdkVersion is captured in gradle build files, this is required for non gradle builds -->
18    <!-- <uses-sdk android:minSdkVersion="14"/> -->
19    <uses-permission android:name="android.permission.ACCESS_NETWORK_STATE" />
19-->[com.google.firebase:firebase-database:20.0.5] AndroidManifest.xml:25:5-79
19-->[com.google.firebase:firebase-database:20.0.5] AndroidManifest.xml:25:22-76
20    <uses-permission android:name="android.permission.WAKE_LOCK" /> <!-- Required by older versions of Google Play services to create IID tokens -->
20-->[com.google.firebase:firebase-messaging:23.0.5] AndroidManifest.xml:26:5-68
20-->[com.google.firebase:firebase-messaging:23.0.5] AndroidManifest.xml:26:22-65
21    <uses-permission android:name="com.google.android.c2dm.permission.RECEIVE" />
21-->[com.google.firebase:firebase-messaging:23.0.5] AndroidManifest.xml:28:5-82
21-->[com.google.firebase:firebase-messaging:23.0.5] AndroidManifest.xml:28:22-79
22
23    <uses-feature
23-->[com.google.android.gms:play-services-maps:17.0.1] AndroidManifest.xml:26:5-28:35
24        android:glEsVersion="0x00020000"
24-->[com.google.android.gms:play-services-maps:17.0.1] AndroidManifest.xml:27:9-41
25        android:required="true" />
25-->[com.google.android.gms:play-services-maps:17.0.1] AndroidManifest.xml:28:9-32
26
27    <queries>
27-->[com.google.android.gms:play-services-maps:17.0.1] AndroidManifest.xml:30:5-34:15
28
29        <!-- Needs to be explicitly declared on Android R+ -->
30        <package android:name="com.google.android.apps.maps" />
30-->[com.google.android.gms:play-services-maps:17.0.1] AndroidManifest.xml:33:9-64
30-->[com.google.android.gms:play-services-maps:17.0.1] AndroidManifest.xml:33:18-61
31    </queries>
32
33    <uses-permission android:name="com.google.android.gms.permission.AD_ID" />
33-->[com.google.android.gms:play-services-measurement-api:21.0.0] AndroidManifest.xml:25:5-79
33-->[com.google.android.gms:play-services-measurement-api:21.0.0] AndroidManifest.xml:25:22-76
34    <uses-permission android:name="com.google.android.finsky.permission.BIND_GET_INSTALL_REFERRER_SERVICE" />
34-->[com.google.android.gms:play-services-measurement:21.0.0] AndroidManifest.xml:26:5-110
34-->[com.google.android.gms:play-services-measurement:21.0.0] AndroidManifest.xml:26:22-107
35
36    <application
36-->src\main\AndroidManifest.xml:12:5-63:19
37        android:allowBackup="true"
37-->src\main\AndroidManifest.xml:13:9-35
38        android:appComponentFactory="androidx.core.app.CoreComponentFactory"
38-->[androidx.core:core:1.7.0] AndroidManifest.xml:24:18-86
39        android:dataExtractionRules="@xml/data_extraction_rules"
39-->src\main\AndroidManifest.xml:14:9-65
40        android:debuggable="true"
41        android:fullBackupContent="@xml/backup_rules"
41-->src\main\AndroidManifest.xml:15:9-54
42        android:icon="@drawable/escudoamerica"
42-->src\main\AndroidManifest.xml:16:9-47
43        android:label="@string/app_name"
43-->src\main\AndroidManifest.xml:17:9-41
44        android:roundIcon="@mipmap/ic_launcher_round"
44-->src\main\AndroidManifest.xml:18:9-54
45        android:supportsRtl="true"
45-->src\main\AndroidManifest.xml:19:9-35
46        android:testOnly="true"
47        android:theme="@style/Theme.SecureApp" >
47-->src\main\AndroidManifest.xml:20:9-47
48        <activity
48-->src\main\AndroidManifest.xml:22:9-26:72
49            android:name="com.example.secureapp.Activities.OlvidarPasswordActivity"
49-->src\main\AndroidManifest.xml:23:13-63
50            android:exported="true"
50-->src\main\AndroidManifest.xml:24:13-36
51            android:screenOrientation="portrait"
51-->src\main\AndroidManifest.xml:25:13-49
52            android:theme="@style/Theme.AppCompat.Light.NoActionBar" />
52-->src\main\AndroidManifest.xml:26:13-69
53        <activity
53-->src\main\AndroidManifest.xml:27:9-31:72
54            android:name="com.example.secureapp.Activities.RegistroActivity"
54-->src\main\AndroidManifest.xml:28:13-56
55            android:exported="true"
55-->src\main\AndroidManifest.xml:29:13-36
56            android:screenOrientation="portrait"
56-->src\main\AndroidManifest.xml:30:13-49
57            android:theme="@style/Theme.AppCompat.Light.NoActionBar" />
57-->src\main\AndroidManifest.xml:31:13-69
58        <activity
58-->src\main\AndroidManifest.xml:32:9-42:20
59            android:name="com.example.secureapp.Activities.InicioAppActivity"
59-->src\main\AndroidManifest.xml:33:13-57
60            android:exported="true"
60-->src\main\AndroidManifest.xml:34:13-36
61            android:screenOrientation="portrait"
61-->src\main\AndroidManifest.xml:35:13-49
62            android:theme="@style/Theme.AppCompat.Light.NoActionBar" >
62-->src\main\AndroidManifest.xml:36:13-69
63            <intent-filter>
63-->src\main\AndroidManifest.xml:37:13-41:29
64                <action android:name="android.intent.action.MAIN" />
64-->src\main\AndroidManifest.xml:38:17-69
64-->src\main\AndroidManifest.xml:38:25-66
65
66                <category android:name="android.intent.category.LAUNCHER" />
66-->src\main\AndroidManifest.xml:40:17-77
66-->src\main\AndroidManifest.xml:40:27-74
67            </intent-filter>
68        </activity>
69        <activity
69-->src\main\AndroidManifest.xml:43:9-47:84
70            android:name="com.example.secureapp.Activities.MainActivity"
70-->src\main\AndroidManifest.xml:44:13-52
71            android:exported="true"
71-->src\main\AndroidManifest.xml:45:13-36
72            android:screenOrientation="portrait"
72-->src\main\AndroidManifest.xml:46:13-49
73            android:theme="@style/Theme.MaterialComponents.DayNight.NoActionBar" />
73-->src\main\AndroidManifest.xml:47:13-81
74        <activity
74-->src\main\AndroidManifest.xml:48:9-53:20
75            android:name="com.example.secureapp.Activities.InicioSesionActivity"
75-->src\main\AndroidManifest.xml:49:13-60
76            android:exported="true"
76-->src\main\AndroidManifest.xml:50:13-36
77            android:screenOrientation="portrait"
77-->src\main\AndroidManifest.xml:51:13-49
78            android:theme="@style/Theme.AppCompat.Light.NoActionBar" >
78-->src\main\AndroidManifest.xml:52:13-69
79        </activity>
80
81        <service
81-->src\main\AndroidManifest.xml:55:9-61:19
82            android:name="com.example.secureapp.Activities.Fcm"
82-->src\main\AndroidManifest.xml:56:13-43
83            android:exported="false" >
83-->src\main\AndroidManifest.xml:57:13-37
84            <intent-filter>
84-->src\main\AndroidManifest.xml:58:13-60:29
85                <action android:name="com.google.firebase.MESSAGING_EVENT" />
85-->src\main\AndroidManifest.xml:59:17-78
85-->src\main\AndroidManifest.xml:59:25-75
86            </intent-filter>
87        </service>
88        <service
88-->[com.google.firebase:firebase-database:20.0.5] AndroidManifest.xml:29:9-35:19
89            android:name="com.google.firebase.components.ComponentDiscoveryService"
89-->[com.google.firebase:firebase-database:20.0.5] AndroidManifest.xml:30:13-84
90            android:directBootAware="true"
90-->[com.google.firebase:firebase-common:20.1.1] AndroidManifest.xml:35:13-43
91            android:exported="false" >
91-->[com.google.firebase:firebase-database:20.0.5] AndroidManifest.xml:31:13-37
92            <meta-data
92-->[com.google.firebase:firebase-database:20.0.5] AndroidManifest.xml:32:13-34:85
93                android:name="com.google.firebase.components:com.google.firebase.database.DatabaseRegistrar"
93-->[com.google.firebase:firebase-database:20.0.5] AndroidManifest.xml:33:17-109
94                android:value="com.google.firebase.components.ComponentRegistrar" />
94-->[com.google.firebase:firebase-database:20.0.5] AndroidManifest.xml:34:17-82
95            <meta-data
95-->[com.google.firebase:firebase-auth:21.0.5] AndroidManifest.xml:67:13-69:85
96                android:name="com.google.firebase.components:com.google.firebase.auth.FirebaseAuthRegistrar"
96-->[com.google.firebase:firebase-auth:21.0.5] AndroidManifest.xml:68:17-109
97                android:value="com.google.firebase.components.ComponentRegistrar" />
97-->[com.google.firebase:firebase-auth:21.0.5] AndroidManifest.xml:69:17-82
98            <meta-data
98-->[com.google.firebase:firebase-messaging:23.0.5] AndroidManifest.xml:55:13-57:85
99                android:name="com.google.firebase.components:com.google.firebase.messaging.FirebaseMessagingRegistrar"
99-->[com.google.firebase:firebase-messaging:23.0.5] AndroidManifest.xml:56:17-119
100                android:value="com.google.firebase.components.ComponentRegistrar" />
100-->[com.google.firebase:firebase-messaging:23.0.5] AndroidManifest.xml:57:17-82
101            <meta-data
101-->[com.google.firebase:firebase-firestore:24.1.2] AndroidManifest.xml:20:13-22:85
102                android:name="com.google.firebase.components:com.google.firebase.firestore.FirestoreRegistrar"
102-->[com.google.firebase:firebase-firestore:24.1.2] AndroidManifest.xml:21:17-111
103                android:value="com.google.firebase.components.ComponentRegistrar" />
103-->[com.google.firebase:firebase-firestore:24.1.2] AndroidManifest.xml:22:17-82
104            <meta-data
104-->[com.google.firebase:firebase-crashlytics:18.2.11] AndroidManifest.xml:18:13-20:85
105                android:name="com.google.firebase.components:com.google.firebase.crashlytics.CrashlyticsRegistrar"
105-->[com.google.firebase:firebase-crashlytics:18.2.11] AndroidManifest.xml:19:17-115
106                android:value="com.google.firebase.components.ComponentRegistrar" />
106-->[com.google.firebase:firebase-crashlytics:18.2.11] AndroidManifest.xml:20:17-82
107            <meta-data
107-->[com.google.firebase:firebase-datatransport:18.1.4] AndroidManifest.xml:28:13-30:85
108                android:name="com.google.firebase.components:com.google.firebase.datatransport.TransportRegistrar"
108-->[com.google.firebase:firebase-datatransport:18.1.4] AndroidManifest.xml:29:17-115
109                android:value="com.google.firebase.components.ComponentRegistrar" />
109-->[com.google.firebase:firebase-datatransport:18.1.4] AndroidManifest.xml:30:17-82
110            <meta-data
110-->[com.google.android.gms:play-services-measurement-api:21.0.0] AndroidManifest.xml:31:13-33:85
111                android:name="com.google.firebase.components:com.google.firebase.analytics.connector.internal.AnalyticsConnectorRegistrar"
111-->[com.google.android.gms:play-services-measurement-api:21.0.0] AndroidManifest.xml:32:17-139
112                android:value="com.google.firebase.components.ComponentRegistrar" />
112-->[com.google.android.gms:play-services-measurement-api:21.0.0] AndroidManifest.xml:33:17-82
113            <meta-data
113-->[com.google.firebase:firebase-installations:17.0.1] AndroidManifest.xml:18:13-20:85
114                android:name="com.google.firebase.components:com.google.firebase.installations.FirebaseInstallationsRegistrar"
114-->[com.google.firebase:firebase-installations:17.0.1] AndroidManifest.xml:19:17-127
115                android:value="com.google.firebase.components.ComponentRegistrar" />
115-->[com.google.firebase:firebase-installations:17.0.1] AndroidManifest.xml:20:17-82
116        </service>
117
118        <activity
118-->[com.google.firebase:firebase-auth:21.0.5] AndroidManifest.xml:27:9-44:20
119            android:name="com.google.firebase.auth.internal.GenericIdpActivity"
119-->[com.google.firebase:firebase-auth:21.0.5] AndroidManifest.xml:28:13-80
120            android:excludeFromRecents="true"
120-->[com.google.firebase:firebase-auth:21.0.5] AndroidManifest.xml:29:13-46
121            android:exported="true"
121-->[com.google.firebase:firebase-auth:21.0.5] AndroidManifest.xml:30:13-36
122            android:launchMode="singleTask"
122-->[com.google.firebase:firebase-auth:21.0.5] AndroidManifest.xml:31:13-44
123            android:theme="@android:style/Theme.Translucent.NoTitleBar" >
123-->[com.google.firebase:firebase-auth:21.0.5] AndroidManifest.xml:32:13-72
124            <intent-filter>
124-->[com.google.firebase:firebase-auth:21.0.5] AndroidManifest.xml:33:13-43:29
125                <action android:name="android.intent.action.VIEW" />
125-->[com.google.firebase:firebase-auth:21.0.5] AndroidManifest.xml:34:17-69
125-->[com.google.firebase:firebase-auth:21.0.5] AndroidManifest.xml:34:25-66
126
127                <category android:name="android.intent.category.DEFAULT" />
127-->[com.google.firebase:firebase-auth:21.0.5] AndroidManifest.xml:36:17-76
127-->[com.google.firebase:firebase-auth:21.0.5] AndroidManifest.xml:36:27-73
128                <category android:name="android.intent.category.BROWSABLE" />
128-->[com.google.firebase:firebase-auth:21.0.5] AndroidManifest.xml:37:17-78
128-->[com.google.firebase:firebase-auth:21.0.5] AndroidManifest.xml:37:27-75
129
130                <data
130-->[com.google.firebase:firebase-auth:21.0.5] AndroidManifest.xml:39:17-42:51
131                    android:host="firebase.auth"
131-->[com.google.firebase:firebase-auth:21.0.5] AndroidManifest.xml:40:21-49
132                    android:path="/"
132-->[com.google.firebase:firebase-auth:21.0.5] AndroidManifest.xml:41:21-37
133                    android:scheme="genericidp" />
133-->[com.google.firebase:firebase-auth:21.0.5] AndroidManifest.xml:42:21-48
134            </intent-filter>
135        </activity>
136        <activity
136-->[com.google.firebase:firebase-auth:21.0.5] AndroidManifest.xml:45:9-62:20
137            android:name="com.google.firebase.auth.internal.RecaptchaActivity"
137-->[com.google.firebase:firebase-auth:21.0.5] AndroidManifest.xml:46:13-79
138            android:excludeFromRecents="true"
138-->[com.google.firebase:firebase-auth:21.0.5] AndroidManifest.xml:47:13-46
139            android:exported="true"
139-->[com.google.firebase:firebase-auth:21.0.5] AndroidManifest.xml:48:13-36
140            android:launchMode="singleTask"
140-->[com.google.firebase:firebase-auth:21.0.5] AndroidManifest.xml:49:13-44
141            android:theme="@android:style/Theme.Translucent.NoTitleBar" >
141-->[com.google.firebase:firebase-auth:21.0.5] AndroidManifest.xml:50:13-72
142            <intent-filter>
142-->[com.google.firebase:firebase-auth:21.0.5] AndroidManifest.xml:51:13-61:29
143                <action android:name="android.intent.action.VIEW" />
143-->[com.google.firebase:firebase-auth:21.0.5] AndroidManifest.xml:34:17-69
143-->[com.google.firebase:firebase-auth:21.0.5] AndroidManifest.xml:34:25-66
144
145                <category android:name="android.intent.category.DEFAULT" />
145-->[com.google.firebase:firebase-auth:21.0.5] AndroidManifest.xml:36:17-76
145-->[com.google.firebase:firebase-auth:21.0.5] AndroidManifest.xml:36:27-73
146                <category android:name="android.intent.category.BROWSABLE" />
146-->[com.google.firebase:firebase-auth:21.0.5] AndroidManifest.xml:37:17-78
146-->[com.google.firebase:firebase-auth:21.0.5] AndroidManifest.xml:37:27-75
147
148                <data
148-->[com.google.firebase:firebase-auth:21.0.5] AndroidManifest.xml:39:17-42:51
149                    android:host="firebase.auth"
149-->[com.google.firebase:firebase-auth:21.0.5] AndroidManifest.xml:40:21-49
150                    android:path="/"
150-->[com.google.firebase:firebase-auth:21.0.5] AndroidManifest.xml:41:21-37
151                    android:scheme="recaptcha" />
151-->[com.google.firebase:firebase-auth:21.0.5] AndroidManifest.xml:42:21-48
152            </intent-filter>
153        </activity>
154
155        <receiver
155-->[com.google.firebase:firebase-messaging:23.0.5] AndroidManifest.xml:31:9-38:20
156            android:name="com.google.firebase.iid.FirebaseInstanceIdReceiver"
156-->[com.google.firebase:firebase-messaging:23.0.5] AndroidManifest.xml:32:13-78
157            android:exported="true"
157-->[com.google.firebase:firebase-messaging:23.0.5] AndroidManifest.xml:33:13-36
158            android:permission="com.google.android.c2dm.permission.SEND" >
158-->[com.google.firebase:firebase-messaging:23.0.5] AndroidManifest.xml:34:13-73
159            <intent-filter>
159-->[com.google.firebase:firebase-messaging:23.0.5] AndroidManifest.xml:35:13-37:29
160                <action android:name="com.google.android.c2dm.intent.RECEIVE" />
160-->[com.google.firebase:firebase-messaging:23.0.5] AndroidManifest.xml:36:17-81
160-->[com.google.firebase:firebase-messaging:23.0.5] AndroidManifest.xml:36:25-78
161            </intent-filter>
162        </receiver>
163        <!--
164             FirebaseMessagingService performs security checks at runtime,
165             but set to not exported to explicitly avoid allowing another app to call it.
166        -->
167        <service
167-->[com.google.firebase:firebase-messaging:23.0.5] AndroidManifest.xml:44:9-51:19
168            android:name="com.google.firebase.messaging.FirebaseMessagingService"
168-->[com.google.firebase:firebase-messaging:23.0.5] AndroidManifest.xml:45:13-82
169            android:directBootAware="true"
169-->[com.google.firebase:firebase-messaging:23.0.5] AndroidManifest.xml:46:13-43
170            android:exported="false" >
170-->[com.google.firebase:firebase-messaging:23.0.5] AndroidManifest.xml:47:13-37
171            <intent-filter android:priority="-500" >
171-->src\main\AndroidManifest.xml:58:13-60:29
172                <action android:name="com.google.firebase.MESSAGING_EVENT" />
172-->src\main\AndroidManifest.xml:59:17-78
172-->src\main\AndroidManifest.xml:59:25-75
173            </intent-filter>
174        </service>
175
176        <provider
176-->[com.squareup.picasso:picasso:2.71828] AndroidManifest.xml:8:9-11:40
177            android:name="com.squareup.picasso.PicassoProvider"
177-->[com.squareup.picasso:picasso:2.71828] AndroidManifest.xml:9:13-64
178            android:authorities="com.example.secureapp.com.squareup.picasso"
178-->[com.squareup.picasso:picasso:2.71828] AndroidManifest.xml:10:13-72
179            android:exported="false" /> <!-- Needs to be explicitly declared on P+ -->
179-->[com.squareup.picasso:picasso:2.71828] AndroidManifest.xml:11:13-37
180        <uses-library
180-->[com.google.android.gms:play-services-maps:17.0.1] AndroidManifest.xml:39:9-41:40
181            android:name="org.apache.http.legacy"
181-->[com.google.android.gms:play-services-maps:17.0.1] AndroidManifest.xml:40:13-50
182            android:required="false" />
182-->[com.google.android.gms:play-services-maps:17.0.1] AndroidManifest.xml:41:13-37
183
184        <service
184-->[com.google.android.datatransport:transport-backend-cct:3.1.5] AndroidManifest.xml:29:9-35:19
185            android:name="com.google.android.datatransport.runtime.backends.TransportBackendDiscovery"
185-->[com.google.android.datatransport:transport-backend-cct:3.1.5] AndroidManifest.xml:30:13-103
186            android:exported="false" >
186-->[com.google.android.datatransport:transport-backend-cct:3.1.5] AndroidManifest.xml:31:13-37
187            <meta-data
187-->[com.google.android.datatransport:transport-backend-cct:3.1.5] AndroidManifest.xml:32:13-34:39
188                android:name="backend:com.google.android.datatransport.cct.CctBackendFactory"
188-->[com.google.android.datatransport:transport-backend-cct:3.1.5] AndroidManifest.xml:33:17-94
189                android:value="cct" />
189-->[com.google.android.datatransport:transport-backend-cct:3.1.5] AndroidManifest.xml:34:17-36
190        </service>
191        <service
191-->[com.google.android.datatransport:transport-runtime:3.1.5] AndroidManifest.xml:26:9-30:19
192            android:name="com.google.android.datatransport.runtime.scheduling.jobscheduling.JobInfoSchedulerService"
192-->[com.google.android.datatransport:transport-runtime:3.1.5] AndroidManifest.xml:27:13-117
193            android:exported="false"
193-->[com.google.android.datatransport:transport-runtime:3.1.5] AndroidManifest.xml:28:13-37
194            android:permission="android.permission.BIND_JOB_SERVICE" >
194-->[com.google.android.datatransport:transport-runtime:3.1.5] AndroidManifest.xml:29:13-69
195        </service>
196
197        <receiver
197-->[com.google.android.datatransport:transport-runtime:3.1.5] AndroidManifest.xml:32:9-34:40
198            android:name="com.google.android.datatransport.runtime.scheduling.jobscheduling.AlarmManagerSchedulerBroadcastReceiver"
198-->[com.google.android.datatransport:transport-runtime:3.1.5] AndroidManifest.xml:33:13-132
199            android:exported="false" />
199-->[com.google.android.datatransport:transport-runtime:3.1.5] AndroidManifest.xml:34:13-37
200
201        <provider
201-->[com.google.firebase:firebase-common:20.1.1] AndroidManifest.xml:26:9-31:39
202            android:name="com.google.firebase.provider.FirebaseInitProvider"
202-->[com.google.firebase:firebase-common:20.1.1] AndroidManifest.xml:27:13-77
203            android:authorities="com.example.secureapp.firebaseinitprovider"
203-->[com.google.firebase:firebase-common:20.1.1] AndroidManifest.xml:28:13-72
204            android:directBootAware="true"
204-->[com.google.firebase:firebase-common:20.1.1] AndroidManifest.xml:29:13-43
205            android:exported="false"
205-->[com.google.firebase:firebase-common:20.1.1] AndroidManifest.xml:30:13-37
206            android:initOrder="100" />
206-->[com.google.firebase:firebase-common:20.1.1] AndroidManifest.xml:31:13-36
207
208        <activity
208-->[com.google.android.gms:play-services-base:18.0.1] AndroidManifest.xml:20:9-22:45
209            android:name="com.google.android.gms.common.api.GoogleApiActivity"
209-->[com.google.android.gms:play-services-base:18.0.1] AndroidManifest.xml:20:19-85
210            android:exported="false"
210-->[com.google.android.gms:play-services-base:18.0.1] AndroidManifest.xml:22:19-43
211            android:theme="@android:style/Theme.Translucent.NoTitleBar" />
211-->[com.google.android.gms:play-services-base:18.0.1] AndroidManifest.xml:21:19-78
212
213        <receiver
213-->[com.google.android.gms:play-services-measurement:21.0.0] AndroidManifest.xml:29:9-33:20
214            android:name="com.google.android.gms.measurement.AppMeasurementReceiver"
214-->[com.google.android.gms:play-services-measurement:21.0.0] AndroidManifest.xml:30:13-85
215            android:enabled="true"
215-->[com.google.android.gms:play-services-measurement:21.0.0] AndroidManifest.xml:31:13-35
216            android:exported="false" >
216-->[com.google.android.gms:play-services-measurement:21.0.0] AndroidManifest.xml:32:13-37
217        </receiver>
218
219        <service
219-->[com.google.android.gms:play-services-measurement:21.0.0] AndroidManifest.xml:35:9-38:40
220            android:name="com.google.android.gms.measurement.AppMeasurementService"
220-->[com.google.android.gms:play-services-measurement:21.0.0] AndroidManifest.xml:36:13-84
221            android:enabled="true"
221-->[com.google.android.gms:play-services-measurement:21.0.0] AndroidManifest.xml:37:13-35
222            android:exported="false" />
222-->[com.google.android.gms:play-services-measurement:21.0.0] AndroidManifest.xml:38:13-37
223        <service
223-->[com.google.android.gms:play-services-measurement:21.0.0] AndroidManifest.xml:39:9-43:72
224            android:name="com.google.android.gms.measurement.AppMeasurementJobService"
224-->[com.google.android.gms:play-services-measurement:21.0.0] AndroidManifest.xml:40:13-87
225            android:enabled="true"
225-->[com.google.android.gms:play-services-measurement:21.0.0] AndroidManifest.xml:41:13-35
226            android:exported="false"
226-->[com.google.android.gms:play-services-measurement:21.0.0] AndroidManifest.xml:42:13-37
227            android:permission="android.permission.BIND_JOB_SERVICE" />
227-->[com.google.android.gms:play-services-measurement:21.0.0] AndroidManifest.xml:43:13-69
228
229        <meta-data
229-->[com.google.android.gms:play-services-basement:18.0.0] AndroidManifest.xml:21:9-23:69
230            android:name="com.google.android.gms.version"
230-->[com.google.android.gms:play-services-basement:18.0.0] AndroidManifest.xml:22:13-58
231            android:value="@integer/google_play_services_version" />
231-->[com.google.android.gms:play-services-basement:18.0.0] AndroidManifest.xml:23:13-66
232
233        <provider
233-->[androidx.emoji2:emoji2:1.0.0] AndroidManifest.xml:26:9-34:20
234            android:name="androidx.startup.InitializationProvider"
234-->[androidx.emoji2:emoji2:1.0.0] AndroidManifest.xml:27:13-67
235            android:authorities="com.example.secureapp.androidx-startup"
235-->[androidx.emoji2:emoji2:1.0.0] AndroidManifest.xml:28:13-68
236            android:exported="false" >
236-->[androidx.emoji2:emoji2:1.0.0] AndroidManifest.xml:29:13-37
237            <meta-data
237-->[androidx.emoji2:emoji2:1.0.0] AndroidManifest.xml:31:13-33:52
238                android:name="androidx.emoji2.text.EmojiCompatInitializer"
238-->[androidx.emoji2:emoji2:1.0.0] AndroidManifest.xml:32:17-75
239                android:value="androidx.startup" />
239-->[androidx.emoji2:emoji2:1.0.0] AndroidManifest.xml:33:17-49
240            <meta-data
240-->[androidx.lifecycle:lifecycle-process:2.4.0] AndroidManifest.xml:31:13-33:52
241                android:name="androidx.lifecycle.ProcessLifecycleInitializer"
241-->[androidx.lifecycle:lifecycle-process:2.4.0] AndroidManifest.xml:32:17-78
242                android:value="androidx.startup" />
242-->[androidx.lifecycle:lifecycle-process:2.4.0] AndroidManifest.xml:33:17-49
243        </provider>
244    </application>
245
246</manifest>